<component name="libraryTable">
  <library name="junit-4.11">
    <CLASSES>
      <root url="jar://$PROJECT_DIR$/../../../Advanced Java course/Day 1/assignment/assignment1/src/assignment1/lib/junit-4.11.jar!/" />
    </CLASSES>
    <JAVADOC />
    <SOURCES />
  </library>
</component>